<?xml version="1.0" encoding="UTF-8"?>
<!-- Generated by org.testng.reporters.JUnitXMLReporter -->
<testsuite hostname="Admin-PC" name="LoginLogout" tests="3" failures="0" timestamp="26 Oct 2019 19:38:04 GMT" time="31.5" errors="0">
  <testcase name="@AfterTest endReport" time="0.0" classname="HappyFlow.LoginLogout">
    <failure type="java.lang.NullPointerException">
      <![CDATA[java.lang.NullPointerException
	at HappyFlow.LoginLogout.endReport(LoginLogout.java:66)
	at java.util.concurrent.FutureTask.run(Unknown Source)
	at java.util.concurrent.ThreadPoolExecutor.runWorker(Unknown Source)
	at java.util.concurrent.ThreadPoolExecutor$Worker.run(Unknown Source)
	at java.lang.Thread.run(Unknown Source)
... Removed 14 stack frames]]>
    </failure>
  </testcase> <!-- @AfterTest endReport -->
  <testcase name="loadURL" time="12.943" classname="HappyFlow.LoginLogout"/>
  <testcase name="testLogin" time="5.193" classname="HappyFlow.LoginLogout"/>
  <testcase name="testLogOut" time="4.166" classname="HappyFlow.LoginLogout"/>
</testsuite> <!-- LoginLogout -->
